Change Component Designator: Old Designator=C200 New Designator=C?
Change Component Designator: Old Designator=C203 New Designator=C?
Change Component Designator: Old Designator=C205 New Designator=C?
Change Component Designator: Old Designator=C206 New Designator=C?
Change Component Designator: Old Designator=D200 New Designator=D?
Change Component Designator: Old Designator=D203 New Designator=D?
Change Component Designator: Old Designator=D204 New Designator=D?
Change Component Designator: Old Designator=IC200 New Designator=IC?
Change Component Designator: Old Designator=IC200 New Designator=IC?
Change Component Designator: Old Designator=IC200 New Designator=IC?
Change Component Designator: Old Designator=IC200 New Designator=IC?
Change Component Designator: Old Designator=IC200 New Designator=IC?
Change Component Designator: Old Designator=J200 New Designator=J?
Change Component Designator: Old Designator=J201 New Designator=J?
Change Component Designator: Old Designator=R200 New Designator=R?
Change Component Designator: Old Designator=R202 New Designator=R?
Change Component Designator: Old Designator=R203 New Designator=R?
Change Component Designator: Old Designator=R204 New Designator=R?
Change Component Designator: Old Designator=R206 New Designator=R?
Change Component Designator: Old Designator=R207 New Designator=R?
Change Component Designator: Old Designator=R208 New Designator=R?
Change Component Designator: Old Designator=R209 New Designator=R?
Change Component Designator: Old Designator=R211 New Designator=R?
Change Component Designator: Old Designator=R212 New Designator=R?
Change Component Designator: Old Designator=R213 New Designator=R?
Change Component Designator: Old Designator=R214 New Designator=R?
Change Component Designator: Old Designator=R216 New Designator=R?
Change Component Designator: Old Designator=R217 New Designator=R?
