Change Component Designator: Old Designator=C? New Designator=C300
Change Component Designator: Old Designator=C? New Designator=C301
Change Component Designator: Old Designator=C? New Designator=C302
Change Component Designator: Old Designator=C? New Designator=C303
Change Component Designator: Old Designator=C? New Designator=C304
Change Component Designator: Old Designator=C? New Designator=C305
Change Component Designator: Old Designator=C? New Designator=C306
Change Component Designator: Old Designator=C? New Designator=C307
Change Component Designator: Old Designator=C? New Designator=C308
Change Component Designator: Old Designator=C? New Designator=C309
Change Component Designator: Old Designator=D? New Designator=D300
Change Component Designator: Old Designator=D? New Designator=D301
Change Component Designator: Old Designator=IC? New Designator=IC300
Change Component Designator: Old Designator=IC? New Designator=IC301
Change Component Designator: Old Designator=IC? New Designator=IC302
Change Component Designator: Old Designator=J? New Designator=J300
Change Component Designator: Old Designator=J? New Designator=J301
Change Component Designator: Old Designator=J? New Designator=J302
Change Component Designator: Old Designator=J? New Designator=J303
Change Component Designator: Old Designator=Q? New Designator=Q300
Change Component Designator: Old Designator=Q? New Designator=Q301
Change Component Designator: Old Designator=Q? New Designator=Q302
Change Component Designator: Old Designator=Q? New Designator=Q303
Change Component Designator: Old Designator=R? New Designator=R300
Change Component Designator: Old Designator=R? New Designator=R301
Change Component Designator: Old Designator=R? New Designator=R302
Change Component Designator: Old Designator=R? New Designator=R303
Change Component Designator: Old Designator=R? New Designator=R304
Change Component Designator: Old Designator=R? New Designator=R305
