Change Component Designator: Old Designator=C300 New Designator=C?
Change Component Designator: Old Designator=C301 New Designator=C?
Change Component Designator: Old Designator=C302 New Designator=C?
Change Component Designator: Old Designator=C303 New Designator=C?
Change Component Designator: Old Designator=C304 New Designator=C?
Change Component Designator: Old Designator=C305 New Designator=C?
Change Component Designator: Old Designator=C306 New Designator=C?
Change Component Designator: Old Designator=C307 New Designator=C?
Change Component Designator: Old Designator=C308 New Designator=C?
Change Component Designator: Old Designator=C309 New Designator=C?
Change Component Designator: Old Designator=D300 New Designator=D?
Change Component Designator: Old Designator=D301 New Designator=D?
Change Component Designator: Old Designator=IC300 New Designator=IC?
Change Component Designator: Old Designator=IC301 New Designator=IC?
Change Component Designator: Old Designator=IC302 New Designator=IC?
Change Component Designator: Old Designator=J300 New Designator=J?
Change Component Designator: Old Designator=J301 New Designator=J?
Change Component Designator: Old Designator=J302 New Designator=J?
Change Component Designator: Old Designator=J303 New Designator=J?
Change Component Designator: Old Designator=Q300 New Designator=Q?
Change Component Designator: Old Designator=Q301 New Designator=Q?
Change Component Designator: Old Designator=Q302 New Designator=Q?
Change Component Designator: Old Designator=Q303 New Designator=Q?
Change Component Designator: Old Designator=R300 New Designator=R?
Change Component Designator: Old Designator=R301 New Designator=R?
Change Component Designator: Old Designator=R302 New Designator=R?
Change Component Designator: Old Designator=R303 New Designator=R?
Change Component Designator: Old Designator=R304 New Designator=R?
Change Component Designator: Old Designator=R305 New Designator=R?
