Change component parameters: Designator = "C129" ("C129"); Footprint = "CAPAE660X610N"; UniqueID = "\LYFAVRXW" ("\LYFAVRXW")
Change component parameters (AddParameter): Name = "Arrow Part Number"; Value = "UCD1E470MCL1GS"; VariantName = "[No Variations]"
Change component parameters (AddParameter): Name = "Datasheet Link"; Value = "https://www.lcsc.com/datasheet/lcsc_datasheet_2410121340_Nichicon-UCD1E470MCL1GS_C308827.pdf"; VariantName = "[No Variations]"
Change component parameters (AddParameter): Name = "Height"; Value = "6.1mm"; VariantName = "[No Variations]"
Change component parameters (AddParameter): Name = "LCSC Part Number"; Value = "C308827"; VariantName = "[No Variations]"
Change component parameters (AddParameter): Name = "LCSC Price/Stock"; Value = "https://www.lcsc.com/product-detail/Aluminum-Electrolytic-Capacitors-SMD_Nichicon-UCD1E470MCL1GS_C308827.html?s_z=n_UCD1E470MCL1GS"; VariantName = "[No Variations]"
Change component parameters (AddParameter): Name = "Link"; Value = "https://www.lcsc.com/product-detail/Aluminum-Electrolytic-Capacitors-SMD_Nichicon-UCD1E470MCL1GS_C308827.html?s_z=n_UCD1E470MCL1GS"; VariantName = "[No Variations]"
Change component parameters (AddParameter): Name = "Manufacturer_Name"; Value = "Nichicon"; VariantName = "[No Variations]"
Change component parameters (AddParameter): Name = "MPN"; Value = "UCD1E470MCL1GS"; VariantName = "[No Variations]"
Change component parameters: Designator = "C309" ("C309"); Footprint = "CAPC1608X09N"; UniqueID = "\PXZGUQVQ" ("\PXZGUQVQ")
Change component parameters (AddParameter): Name = "Link"; Value = "https://www.lcsc.com/search?q=Samwha%20Capacitor%20CS1608X7R474K250NRB&s_z=n_Samwha%20Capacitor%20CS1608X7R474K250NRB"; VariantName = "[No Variations]"
Change component parameters (AddParameter): Name = "MPN"; Value = "CS1608X7R474K250NRB"; VariantName = "[No Variations]"
Change component parameters (AddParameter): Name = "Value"; Value = "470nF"; VariantName = "[No Variations]"
Change component parameters: Designator = "D100" ("D100"); Footprint = "SP0503BAHTG"; UniqueID = "\FIEOYNRN" ("\FIEOYNRN")
Change component parameters (AddParameter): Name = "Arrow Part Number"; Value = "SP0503BAHTG"; VariantName = "[No Variations]"
Change component parameters (AddParameter): Name = "Datasheet Link"; Value = "https://nl.mouser.com/datasheet/2/240/Littelfuse_TVS_Diode_Array_SP05_Datasheet.pdf-777043.pdf"; VariantName = "[No Variations]"
Change component parameters (AddParameter): Name = "Height"; Value = "1.22mm"; VariantName = "[No Variations]"
Change component parameters (AddParameter): Name = "LCSC Part Number"; Value = "C41364459"; VariantName = "[No Variations]"
Change component parameters (AddParameter): Name = "LCSC Price/Stock"; Value = "https://www.lcsc.com/product-detail/ESD-and-Surge-Protection-TVS-ESD_GOODWORK-SP0503BAHTG_C41364459.html?s_z=n_SP0503BAHTG"; VariantName = "[No Variations]"
Change component parameters (AddParameter): Name = "Link"; Value = "https://www.lcsc.com/product-detail/ESD-and-Surge-Protection-TVS-ESD_GOODWORK-SP0503BAHTG_C41364459.html?s_z=n_SP0503BAHTG"; VariantName = "[No Variations]"
Change component parameters (AddParameter): Name = "Manufacturer_Name"; Value = "GOODWORK"; VariantName = "[No Variations]"
Change component parameters (AddParameter): Name = "MPN"; Value = "SP0503BAHTG"; VariantName = "[No Variations]"
Change component parameters: Designator = "D200" ("D200"); Footprint = "SODFL1006X45N"; UniqueID = "\JRHEWUMB" ("\JRHEWUMB")
Change component parameters (AddParameter): Name = "Arrow Part Number"; Value = "1SS416,L3M"; VariantName = "[No Variations]"
Change component parameters (AddParameter): Name = "Datasheet Link"; Value = "https://www.lcsc.com/datasheet/lcsc_datasheet_2410122003_TOSHIBA-1SS416-L3M-B_C2943683.pdf"; VariantName = "[No Variations]"
Change component parameters (AddParameter): Name = "Height"; Value = "0.45mm"; VariantName = "[No Variations]"
Change component parameters (AddParameter): Name = "LCSC Part Number"; Value = "C2943683"; VariantName = "[No Variations]"
Change component parameters (AddParameter): Name = "LCSC Price/Stock"; Value = "https://www.lcsc.com/product-detail/Schottky-Diodes_TOSHIBA-1SS416-L3M-B_C2943683.html?s_z=n_1SS416,L3M"; VariantName = "[No Variations]"
Change component parameters (AddParameter): Name = "Link"; Value = "https://www.lcsc.com/product-detail/Schottky-Diodes_TOSHIBA-1SS416-L3M-B_C2943683.html?s_z=n_1SS416,L3M"; VariantName = "[No Variations]"
Change component parameters (AddParameter): Name = "Manufacturer_Name"; Value = "Toshiba"; VariantName = "[No Variations]"
Change component parameters (AddParameter): Name = "MPN"; Value = "1SS416,L3M(B"; VariantName = "[No Variations]"
Change component parameters: Designator = "D201" ("D201"); Footprint = "SMF70ATP"; UniqueID = "\NMYVWXPA" ("\NMYVWXPA")
Change component parameters (AddParameter): Name = "Arrow Part Number"; Value = "FTR SMF7.0A"; VariantName = "[No Variations]"
Change component parameters (AddParameter): Name = "Datasheet Link"; Value = "https://www.lcsc.com/datasheet/lcsc_datasheet_2304140030_FTR-SMF7-0A_C707468.pdf"; VariantName = "[No Variations]"
Change component parameters (AddParameter): Name = "Height"; Value = "1.35mm"; VariantName = "[No Variations]"
Change component parameters (AddParameter): Name = "LCSC Part Number"; Value = "C707468"; VariantName = "[No Variations]"
Change component parameters (AddParameter): Name = "LCSC Price/Stock"; Value = "https://www.lcsc.com/product-detail/ESD-and-Surge-Protection-TVS-ESD_FTR-SMF7-0A_C707468.html."; VariantName = "[No Variations]"
Change component parameters (AddParameter): Name = "Link"; Value = "https://www.lcsc.com/product-detail/ESD-and-Surge-Protection-TVS-ESD_FTR-SMF7-0A_C707468.html."; VariantName = "[No Variations]"
Change component parameters (AddParameter): Name = "Manufacturer_Name"; Value = "FTR"; VariantName = "[No Variations]"
Change component parameters (AddParameter): Name = "MPN"; Value = "SMF7.0A"; VariantName = "[No Variations]"
Change component parameters: Designator = "D202" ("D202"); Footprint = "SMF70ATP"; UniqueID = "\AEIUZLLH" ("\AEIUZLLH")
Change component parameters (AddParameter): Name = "Arrow Part Number"; Value = "FTR SMF7.0A"; VariantName = "[No Variations]"
Change component parameters (AddParameter): Name = "Datasheet Link"; Value = "https://www.lcsc.com/datasheet/lcsc_datasheet_2304140030_FTR-SMF7-0A_C707468.pdf"; VariantName = "[No Variations]"
Change component parameters (AddParameter): Name = "Height"; Value = "1.35mm"; VariantName = "[No Variations]"
Change component parameters (AddParameter): Name = "LCSC Part Number"; Value = "C707468"; VariantName = "[No Variations]"
Change component parameters (AddParameter): Name = "LCSC Price/Stock"; Value = "https://www.lcsc.com/product-detail/ESD-and-Surge-Protection-TVS-ESD_FTR-SMF7-0A_C707468.html."; VariantName = "[No Variations]"
Change component parameters (AddParameter): Name = "Link"; Value = "https://www.lcsc.com/product-detail/ESD-and-Surge-Protection-TVS-ESD_FTR-SMF7-0A_C707468.html."; VariantName = "[No Variations]"
Change component parameters (AddParameter): Name = "Manufacturer_Name"; Value = "FTR"; VariantName = "[No Variations]"
Change component parameters (AddParameter): Name = "MPN"; Value = "SMF7.0A"; VariantName = "[No Variations]"
Change component parameters: Designator = "D203" ("D203"); Footprint = "SODFL1006X45N"; UniqueID = "\FYUHKQKM" ("\FYUHKQKM")
Change component parameters (AddParameter): Name = "Arrow Part Number"; Value = "1SS416,L3M"; VariantName = "[No Variations]"
Change component parameters (AddParameter): Name = "Arrow Price/Stock"; Value = "https://www.lcsc.com/product-detail/Schottky-Diodes_TOSHIBA-1SS416-L3M-B_C2943683.html?s_z=n_1SS416,L3M"; VariantName = "[No Variations]"
Change component parameters (AddParameter): Name = "Datasheet Link"; Value = "https://www.lcsc.com/datasheet/lcsc_datasheet_2410122003_TOSHIBA-1SS416-L3M-B_C2943683.pdf"; VariantName = "[No Variations]"
Change component parameters (AddParameter): Name = "Height"; Value = "0.45mm"; VariantName = "[No Variations]"
Change component parameters (AddParameter): Name = "LCSC Part Number"; Value = "C2943683"; VariantName = "[No Variations]"
Change component parameters (AddParameter): Name = "LCSC Price/Stock"; Value = "https://www.lcsc.com/product-detail/Schottky-Diodes_TOSHIBA-1SS416-L3M-B_C2943683.html?s_z=n_1SS416,L3M"; VariantName = "[No Variations]"
Change component parameters (AddParameter): Name = "Manufacturer_Name"; Value = "Toshiba"; VariantName = "[No Variations]"
Change component parameters (AddParameter): Name = "MPN"; Value = "1SS416,L3M(B"; VariantName = "[No Variations]"
Change component parameters: Designator = "D204" ("D204"); Footprint = "SODFL1006X45N"; UniqueID = "\EGXKLTNY" ("\EGXKLTNY")
Change component parameters (AddParameter): Name = "Arrow Part Number"; Value = "1SS416,L3M"; VariantName = "[No Variations]"
Change component parameters (AddParameter): Name = "Arrow Price/Stock"; Value = "https://www.lcsc.com/product-detail/Schottky-Diodes_TOSHIBA-1SS416-L3M-B_C2943683.html?s_z=n_1SS416,L3M"; VariantName = "[No Variations]"
Change component parameters (AddParameter): Name = "Datasheet Link"; Value = "https://www.lcsc.com/datasheet/lcsc_datasheet_2410122003_TOSHIBA-1SS416-L3M-B_C2943683.pdf"; VariantName = "[No Variations]"
Change component parameters (AddParameter): Name = "Height"; Value = "0.45mm"; VariantName = "[No Variations]"
Change component parameters (AddParameter): Name = "LCSC Part Number"; Value = "C2943683"; VariantName = "[No Variations]"
Change component parameters (AddParameter): Name = "LCSC Price/Stock"; Value = "https://www.lcsc.com/product-detail/Schottky-Diodes_TOSHIBA-1SS416-L3M-B_C2943683.html?s_z=n_1SS416,L3M"; VariantName = "[No Variations]"
Change component parameters (AddParameter): Name = "Manufacturer_Name"; Value = "Toshiba"; VariantName = "[No Variations]"
Change component parameters (AddParameter): Name = "MPN"; Value = "1SS416,L3M(B"; VariantName = "[No Variations]"
Change component parameters: Designator = "D205" ("D205"); Footprint = "SMF70ATP"; UniqueID = "\OYXRMNNL" ("\OYXRMNNL")
Change component parameters (AddParameter): Name = "Arrow Part Number"; Value = "FTR SMF7.0A"; VariantName = "[No Variations]"
Change component parameters (AddParameter): Name = "Datasheet Link"; Value = "https://www.lcsc.com/datasheet/lcsc_datasheet_2304140030_FTR-SMF7-0A_C707468.pdf"; VariantName = "[No Variations]"
Change component parameters (AddParameter): Name = "Height"; Value = "1.35mm"; VariantName = "[No Variations]"
Change component parameters (AddParameter): Name = "LCSC Part Number"; Value = "C707468"; VariantName = "[No Variations]"
Change component parameters (AddParameter): Name = "LCSC Price/Stock"; Value = "https://www.lcsc.com/product-detail/ESD-and-Surge-Protection-TVS-ESD_FTR-SMF7-0A_C707468.html."; VariantName = "[No Variations]"
Change component parameters (AddParameter): Name = "Link"; Value = "https://www.lcsc.com/product-detail/ESD-and-Surge-Protection-TVS-ESD_FTR-SMF7-0A_C707468.html."; VariantName = "[No Variations]"
Change component parameters (AddParameter): Name = "Manufacturer_Name"; Value = "FTR"; VariantName = "[No Variations]"
Change component parameters (AddParameter): Name = "MPN"; Value = "SMF7.0A"; VariantName = "[No Variations]"
Change component parameters: Designator = "D206" ("D206"); Footprint = "SMF70ATP"; UniqueID = "\VGKKKAJS" ("\VGKKKAJS")
Change component parameters (AddParameter): Name = "Arrow Part Number"; Value = "FTR SMF7.0A"; VariantName = "[No Variations]"
Change component parameters (AddParameter): Name = "Datasheet Link"; Value = "https://www.lcsc.com/datasheet/lcsc_datasheet_2304140030_FTR-SMF7-0A_C707468.pdf"; VariantName = "[No Variations]"
Change component parameters (AddParameter): Name = "Height"; Value = "1.35mm"; VariantName = "[No Variations]"
Change component parameters (AddParameter): Name = "LCSC Part Number"; Value = "C707468"; VariantName = "[No Variations]"
Change component parameters (AddParameter): Name = "LCSC Price/Stock"; Value = "https://www.lcsc.com/product-detail/ESD-and-Surge-Protection-TVS-ESD_FTR-SMF7-0A_C707468.html."; VariantName = "[No Variations]"
Change component parameters (AddParameter): Name = "Link"; Value = "https://www.lcsc.com/product-detail/ESD-and-Surge-Protection-TVS-ESD_FTR-SMF7-0A_C707468.html."; VariantName = "[No Variations]"
Change component parameters (AddParameter): Name = "Manufacturer_Name"; Value = "FTR"; VariantName = "[No Variations]"
Change component parameters (AddParameter): Name = "MPN"; Value = "SMF7.0A"; VariantName = "[No Variations]"
Change component parameters: Designator = "D300" ("D300"); Footprint = "SODFL3616X98N"; UniqueID = "\CIHXOOYI" ("\CIHXOOYI")
Change component parameters (AddParameter): Name = "Arrow Part Number"; Value = "MBR140SFT1G"; VariantName = "[No Variations]"
Change component parameters (AddParameter): Name = "Datasheet Link"; Value = "https://www.lcsc.com/datasheet/lcsc_datasheet_2410121940_onsemi-MBR140SFT1G_C43381.pdf"; VariantName = "[No Variations]"
Change component parameters (AddParameter): Name = "Height"; Value = "0.98mm"; VariantName = "[No Variations]"
Change component parameters (AddParameter): Name = "LCSC Part Number"; Value = "C43381"; VariantName = "[No Variations]"
Change component parameters (AddParameter): Name = "LCSC Price/Stock"; Value = "https://www.lcsc.com/product-detail/Schottky-Diodes_onsemi-MBR140SFT1G_C43381.html?s_z=n_MBR140SFT1G"; VariantName = "[No Variations]"
Change component parameters (AddParameter): Name = "Link"; Value = "https://www.lcsc.com/product-detail/Schottky-Diodes_onsemi-MBR140SFT1G_C43381.html?s_z=n_MBR140SFT1G"; VariantName = "[No Variations]"
Change component parameters (AddParameter): Name = "Manufacturer_Name"; Value = "onsemi"; VariantName = "[No Variations]"
Change component parameters (AddParameter): Name = "MPN"; Value = "MBR140SFT1G"; VariantName = "[No Variations]"
Change component parameters: Designator = "D301" ("D301"); Footprint = "SODFL3616X98N"; UniqueID = "\AIGVNLHT" ("\AIGVNLHT")
Change component parameters (AddParameter): Name = "Arrow Part Number"; Value = "MBR140SFT1G"; VariantName = "[No Variations]"
Change component parameters (AddParameter): Name = "Datasheet Link"; Value = "https://www.lcsc.com/datasheet/lcsc_datasheet_2410121940_onsemi-MBR140SFT1G_C43381.pdf"; VariantName = "[No Variations]"
Change component parameters (AddParameter): Name = "Height"; Value = "0.98mm"; VariantName = "[No Variations]"
Change component parameters (AddParameter): Name = "LCSC Part Number"; Value = "C43381"; VariantName = "[No Variations]"
Change component parameters (AddParameter): Name = "LCSC Price/Stock"; Value = "https://www.lcsc.com/product-detail/Schottky-Diodes_onsemi-MBR140SFT1G_C43381.html?s_z=n_MBR140SFT1G"; VariantName = "[No Variations]"
Change component parameters (AddParameter): Name = "Link"; Value = "https://www.lcsc.com/product-detail/Schottky-Diodes_onsemi-MBR140SFT1G_C43381.html?s_z=n_MBR140SFT1G"; VariantName = "[No Variations]"
Change component parameters (AddParameter): Name = "Manufacturer_Name"; Value = "onsemi"; VariantName = "[No Variations]"
Change component parameters (AddParameter): Name = "MPN"; Value = "MBR140SFT1G"; VariantName = "[No Variations]"
Change component parameters: Designator = "IC100" ("IC100"); Footprint = "SOP65P640X120-16N"; UniqueID = "\OCWMZOAF" ("\OCWMZOAF")
Change component parameters (AddParameter): Name = "Arrow Part Number"; Value = "MAX3232ECPWR"; VariantName = "[No Variations]"
Change component parameters (AddParameter): Name = "Datasheet Link"; Value = "http://www.ti.com/general/docs/lit/getliterature.tsp?genericPartNumber=MAX3232E&fileType=pdf&HQS=ti-null-null-sf-df-pf-sep-wwe&DCM=yes"; VariantName = "[No Variations]"
Change component parameters (AddParameter): Name = "Height"; Value = "1.2mm"; VariantName = "[No Variations]"
Change component parameters (AddParameter): Name = "LCSC Part Number"; Value = "C11317"; VariantName = "[No Variations]"
Change component parameters (AddParameter): Name = "LCSC Price/Stock"; Value = "https://www.lcsc.com/product-detail/RS232-ICs_Texas-Instruments-MAX3232ECPWR_C11317.html?s_z=n_MAX3232ECPWR"; VariantName = "[No Variations]"
Change component parameters (AddParameter): Name = "Link"; Value = "https://www.lcsc.com/product-detail/RS232-ICs_Texas-Instruments-MAX3232ECPWR_C11317.html?s_z=n_MAX3232ECPWR"; VariantName = "[No Variations]"
Change component parameters (AddParameter): Name = "Manufacturer_Name"; Value = "Texas Instruments"; VariantName = "[No Variations]"
Change component parameters (AddParameter): Name = "MPN"; Value = "MAX3232ECPWR"; VariantName = "[No Variations]"
Change component parameters: Designator = "IC101" ("IC101"); Footprint = "QFP50P1200X1200X160-64N"; UniqueID = "\BRULBRWC" ("\BRULBRWC")
Change component parameters (AddParameter): Name = "Arrow Part Number"; Value = "STM32F405RGT6"; VariantName = "[No Variations]"
Change component parameters (AddParameter): Name = "Arrow Price/Stock"; Value = "https://www.arrow.com/en/products/stm32f405rgt6/stmicroelectronics?utm_currency=USD&region=nac"; VariantName = "[No Variations]"
Change component parameters (AddParameter): Name = "Datasheet Link"; Value = "http://www.st.com/web/en/resource/technical/document/datasheet/DM00037051.pdf"; VariantName = "[No Variations]"
Change component parameters (AddParameter): Name = "Height"; Value = "1.6mm"; VariantName = "[No Variations]"
Change component parameters (AddParameter): Name = "LCSC Part Number"; Value = "C15742"; VariantName = "[No Variations]"
Change component parameters (AddParameter): Name = "LCSC Price/Stock"; Value = "https://www.lcsc.com/product-detail/Microcontrollers-MCU-MPU-SOC_STMicroelectronics-STM32F405RGT6_C15742.html?s_z=n_Stm32f405rg"; VariantName = "[No Variations]"
Change component parameters (AddParameter): Name = "Link"; Value = "https://www.lcsc.com/product-detail/Microcontrollers-MCU-MPU-SOC_STMicroelectronics-STM32F405RGT6_C15742.html?s_z=n_Stm32f405rg"; VariantName = "[No Variations]"
Change component parameters (AddParameter): Name = "Manufacturer_Name"; Value = "STMicroelectronics"; VariantName = "[No Variations]"
Change component parameters (AddParameter): Name = "Manufacturer_Part_Number"; Value = "STM32F405RGT6"; VariantName = "[No Variations]"
Change component parameters (AddParameter): Name = "Mouser Part Number"; Value = "511-STM32F405RGT6"; VariantName = "[No Variations]"
Change component parameters (AddParameter): Name = "Mouser Price/Stock"; Value = "https://www.mouser.co.uk/ProductDetail/STMicroelectronics/STM32F405RGT6?qs=Z8%252BeY1k3TIKgj7QWsYGpQw%3D%3D"; VariantName = "[No Variations]"
Change component parameters (AddParameter): Name = "MPN"; Value = "STM32F405RGT6"; VariantName = "[No Variations]"
Change component parameters: Designator = "IC102" ("IC102"); Footprint = "SOIC127P600X175-8N"; UniqueID = "\EQXHWNFI" ("\EQXHWNFI")
Change component parameters (AddParameter): Name = "Arrow Part Number"; Value = ""; VariantName = "[No Variations]"
Change component parameters (AddParameter): Name = "Datasheet Link"; Value = "https://www.lcsc.com/datasheet/lcsc_datasheet_2410010302_Texas-Instruments-SN65HVD232DR_C30530.pdf"; VariantName = "[No Variations]"
Change component parameters (AddParameter): Name = "Height"; Value = "1.75mm"; VariantName = "[No Variations]"
Change component parameters (AddParameter): Name = "LCSC Part Number"; Value = "C30530"; VariantName = "[No Variations]"
Change component parameters (AddParameter): Name = "LCSC Price/Stock"; Value = "https://www.lcsc.com/product-detail/CAN-Transceivers_Texas-Instruments-SN65HVD232DR_C30530.html?s_z=n_SN65HVD232DR"; VariantName = "[No Variations]"
Change component parameters (AddParameter): Name = "Link"; Value = "https://www.lcsc.com/product-detail/CAN-Transceivers_Texas-Instruments-SN65HVD232DR_C30530.html?s_z=n_SN65HVD232DR"; VariantName = "[No Variations]"
Change component parameters (AddParameter): Name = "Manufacturer_Name"; Value = "NXP"; VariantName = "[No Variations]"
Change component parameters (AddParameter): Name = "MPN"; Value = "SN65HVD232DR"; VariantName = "[No Variations]"
Change component parameters: Designator = "IC103" ("IC103"); Footprint = "SOT95P280X145-5N"; UniqueID = "\DNLJFVST" ("\DNLJFVST")
Change component parameters (AddParameter): Name = "Arrow Part Number"; Value = "LP5907MFX-3.3/NOPB"; VariantName = "[No Variations]"
Change component parameters (AddParameter): Name = "Datasheet Link"; Value = "https://www.lcsc.com/datasheet/lcsc_datasheet_1810271029_Texas-Instruments-LP5907MFX-3-3-NOPB_C80670.pdf"; VariantName = "[No Variations]"
Change component parameters (AddParameter): Name = "Height"; Value = "1.45mm"; VariantName = "[No Variations]"
Change component parameters (AddParameter): Name = "LCSC Part Number"; Value = "C80670"; VariantName = "[No Variations]"
Change component parameters (AddParameter): Name = "LCSC Price/Stock"; Value = "https://www.lcsc.com/product-detail/Voltage-Regulators-Linear-Low-Drop-Out-LDO-Regulators_Texas-Instruments-LP5907MFX-3-3-NOPB_C80670.html?s_z=n_LP5907MFX-3.3%2FNOPB"; VariantName = "[No Variations]"
Change component parameters (AddParameter): Name = "Link"; Value = "https://www.lcsc.com/product-detail/Voltage-Regulators-Linear-Low-Drop-Out-LDO-Regulators_Texas-Instruments-LP5907MFX-3-3-NOPB_C80670.html?s_z=n_LP5907MFX-3.3%2FNOPB"; VariantName = "[No Variations]"
Change component parameters (AddParameter): Name = "Manufacturer_Name"; Value = "Texas Instruments"; VariantName = "[No Variations]"
Change component parameters (AddParameter): Name = "MPN"; Value = "LP5907MFX-3.3/NOPB"; VariantName = "[No Variations]"
Change component parameters: Designator = "IC104" ("IC104"); Footprint = "D2PAK-STB35NF10T4"; UniqueID = "\RKJOUJRK" ("\RKJOUJRK")
Change component parameters (AddParameter): Name = "Arrow Part Number"; Value = "L7805ABD2T-TR"; VariantName = "[No Variations]"
Change component parameters (AddParameter): Name = "Datasheet Link"; Value = "https://www.lcsc.com/datasheet/lcsc_datasheet_2212141130_STMicroelectronics-L7805ABD2T-TR_C86206.pdf"; VariantName = "[No Variations]"
Change component parameters (AddParameter): Name = "LCSC Part Number"; Value = "C86206"; VariantName = "[No Variations]"
Change component parameters (AddParameter): Name = "LCSC Price/Stock"; Value = "https://www.lcsc.com/product-detail/Voltage-Regulators-Linear-Low-Drop-Out-LDO-Regulators_STMicroelectronics-L7805ABD2T-TR_C86206.html?s_z=n_L7805ABD2T-TR"; VariantName = "[No Variations]"
Change component parameters (AddParameter): Name = "Link"; Value = "https://www.lcsc.com/product-detail/Voltage-Regulators-Linear-Low-Drop-Out-LDO-Regulators_STMicroelectronics-L7805ABD2T-TR_C86206.html?s_z=n_L7805ABD2T-TR"; VariantName = "[No Variations]"
Change component parameters (AddParameter): Name = "Manufacturer_Name"; Value = "STMicroelectronics"; VariantName = "[No Variations]"
Change component parameters (AddParameter): Name = "MPN"; Value = "L7805ABD2T-TR"; VariantName = "[No Variations]"
Change component parameters: Designator = "IC105" ("IC105"); Footprint = "SOT229P700X180-4N"; UniqueID = "\IJGRPAGM" ("\IJGRPAGM")
Change component parameters (AddParameter): Name = "Arrow Part Number"; Value = ""; VariantName = "[No Variations]"
Change component parameters (AddParameter): Name = "Datasheet Link"; Value = "https://www.lcsc.com/datasheet/lcsc_datasheet_2412201207_UMW-Youtai-Semiconductor-Co---Ltd--AMS1117-3-3_C347222.pdf"; VariantName = "[No Variations]"
Change component parameters (AddParameter): Name = "Height"; Value = "1.8mm"; VariantName = "[No Variations]"
Change component parameters (AddParameter): Name = "LCSC Part Number"; Value = "C347222"; VariantName = "[No Variations]"
Change component parameters (AddParameter): Name = "LCSC Price/Stock"; Value = "https://www.lcsc.com/product-detail/Voltage-Regulators-Linear-Low-Drop-Out-LDO-Regulators_UMW-Youtai-Semiconductor-Co-Ltd-AMS1117-3-3_C347222.html?s_z=n_AMS1117-3.3"; VariantName = "[No Variations]"
Change component parameters (AddParameter): Name = "Link"; Value = "https://www.lcsc.com/product-detail/Voltage-Regulators-Linear-Low-Drop-Out-LDO-Regulators_UMW-Youtai-Semiconductor-Co-Ltd-AMS1117-3-3_C347222.html?s_z=n_AMS1117-3.3"; VariantName = "[No Variations]"
Change component parameters (AddParameter): Name = "Manufacturer_Name"; Value = "Advanced"; VariantName = "[No Variations]"
Change component parameters (AddParameter): Name = "MPN"; Value = "AMS1117-3.3"; VariantName = "[No Variations]"
Change component parameters: Designator = "IC106" ("IC106"); Footprint = "STD70N10F4"; UniqueID = "\XZLBIBEH" ("\XZLBIBEH")
Change component parameters (AddParameter): Name = "Arrow Part Number"; Value = "LM317MDT-TR"; VariantName = "[No Variations]"
Change component parameters (AddParameter): Name = "Arrow Price/Stock"; Value = "https://www.arrow.com/en/products/lm317mdt-tr/stmicroelectronics?utm_currency=USD&region=nac"; VariantName = "[No Variations]"
Change component parameters (AddParameter): Name = "Datasheet Link"; Value = "https://www.lcsc.com/datasheet/lcsc_datasheet_1811151523_STMicroelectronics-LM317MDT-TR_C68136.pdf"; VariantName = "[No Variations]"
Change component parameters (AddParameter): Name = "Height"; Value = "2.4mm"; VariantName = "[No Variations]"
Change component parameters (AddParameter): Name = "LCSC Part Number"; Value = "C68136"; VariantName = "[No Variations]"
Change component parameters (AddParameter): Name = "LCSC Price/Stock"; Value = "https://www.lcsc.com/product-detail/Voltage-Regulators-Linear-Low-Drop-Out-LDO-Regulators_STMicroelectronics-LM317MDT-TR_C68136.html?s_z=n_lm317"; VariantName = "[No Variations]"
Change component parameters (AddParameter): Name = "Link"; Value = "https://www.lcsc.com/product-detail/Voltage-Regulators-Linear-Low-Drop-Out-LDO-Regulators_STMicroelectronics-LM317MDT-TR_C68136.html?s_z=n_lm317"; VariantName = "[No Variations]"
Change component parameters (AddParameter): Name = "Manufacturer_Name"; Value = "STMicroelectronics"; VariantName = "[No Variations]"
Change component parameters (AddParameter): Name = "MPN"; Value = "LM317MDT-TR"; VariantName = "[No Variations]"
Change component parameters: Designator = "IC200" ("IC200"); Footprint = "SOP65P640X120-14N"; UniqueID = "\EVALENJY" ("\EVALENJY")
Change component parameters (AddParameter): Name = "Arrow Part Number"; Value = "TLV9064IPWR"; VariantName = "[No Variations]"
Change component parameters (AddParameter): Name = "Arrow Price/Stock"; Value = "https://www.arrow.com/en/products/tlv9064ipwr/texas-instruments?utm_currency=USD&region=nac"; VariantName = "[No Variations]"
Change component parameters (AddParameter): Name = "Datasheet Link"; Value = "http://www.ti.com/lit/ds/symlink/tlv9064.pdf"; VariantName = "[No Variations]"
Change component parameters (AddParameter): Name = "Height"; Value = "1.2mm"; VariantName = "[No Variations]"
Change component parameters (AddParameter): Name = "LCSC Part Number"; Value = "C779410"; VariantName = "[No Variations]"
Change component parameters (AddParameter): Name = "LCSC Price/Stock"; Value = "https://www.lcsc.com/product-detail/Operational-Amplifier_Texas-Instruments-TLV9064IPWR_C779410.html?s_z=n_TLV9064IPWR"; VariantName = "[No Variations]"
Change component parameters (AddParameter): Name = "Link"; Value = "https://www.lcsc.com/product-detail/Operational-Amplifier_Texas-Instruments-TLV9064IPWR_C779410.html?s_z=n_TLV9064IPWR"; VariantName = "[No Variations]"
Change component parameters (AddParameter): Name = "Manufacturer_Name"; Value = "Texas Instruments"; VariantName = "[No Variations]"
Change component parameters (AddParameter): Name = "Manufacturer_Part_Number"; Value = "TLV9064IPWR"; VariantName = "[No Variations]"
Change component parameters (AddParameter): Name = "Mouser Part Number"; Value = "595-TLV9064IPWR"; VariantName = "[No Variations]"
Change component parameters (AddParameter): Name = "Mouser Price/Stock"; Value = "https://www.mouser.co.uk/ProductDetail/Texas-Instruments/TLV9064IPWR?qs=W0yvOO0ixfHY9ZUvwjcceA%3D%3D"; VariantName = "[No Variations]"
Change component parameters (AddParameter): Name = "MPN"; Value = "TLV9064IPWR"; VariantName = "[No Variations]"
Change component parameters: Designator = "IC300" ("IC300"); Footprint = "SOIC127P600X175-8N"; UniqueID = "\JETLHAKT" ("\JETLHAKT")
Change component parameters (AddParameter): Name = "Arrow Part Number"; Value = "UCC27712DR"; VariantName = "[No Variations]"
Change component parameters (AddParameter): Name = "Datasheet Link"; Value = "https://www.lcsc.com/datasheet/lcsc_datasheet_2410121944_Texas-Instruments-UCC27712DR_C485818.pdf"; VariantName = "[No Variations]"
Change component parameters (AddParameter): Name = "Height"; Value = "1.75mm"; VariantName = "[No Variations]"
Change component parameters (AddParameter): Name = "LCSC Part Number"; Value = "C485818"; VariantName = "[No Variations]"
Change component parameters (AddParameter): Name = "LCSC Price/Stock"; Value = "https://www.lcsc.com/product-detail/Gate-Drivers_Texas-Instruments-UCC27712DR_C485818.html?s_z=n_UCC27712DR"; VariantName = "[No Variations]"
Change component parameters (AddParameter): Name = "Link"; Value = "https://www.lcsc.com/product-detail/Gate-Drivers_Texas-Instruments-UCC27712DR_C485818.html?s_z=n_UCC27712DR"; VariantName = "[No Variations]"
Change component parameters (AddParameter): Name = "Manufacturer_Name"; Value = "Texas Instruments"; VariantName = "[No Variations]"
Change component parameters (AddParameter): Name = "MPN"; Value = "UCC27712DR"; VariantName = "[No Variations]"
Change component parameters: Designator = "IC301" ("IC301"); Footprint = "SOIC127P600X175-8N"; UniqueID = "\BZQUTMRZ" ("\BZQUTMRZ")
Change component parameters (AddParameter): Name = "Arrow Part Number"; Value = "UCC27712DR"; VariantName = "[No Variations]"
Change component parameters (AddParameter): Name = "Datasheet Link"; Value = "https://www.lcsc.com/datasheet/lcsc_datasheet_2410121944_Texas-Instruments-UCC27712DR_C485818.pdf"; VariantName = "[No Variations]"
Change component parameters (AddParameter): Name = "Height"; Value = "1.75mm"; VariantName = "[No Variations]"
Change component parameters (AddParameter): Name = "LCSC Part Number"; Value = "C485818"; VariantName = "[No Variations]"
Change component parameters (AddParameter): Name = "LCSC Price/Stock"; Value = "https://www.lcsc.com/product-detail/Gate-Drivers_Texas-Instruments-UCC27712DR_C485818.html?s_z=n_UCC27712DR"; VariantName = "[No Variations]"
Change component parameters (AddParameter): Name = "Link"; Value = "https://www.lcsc.com/product-detail/Gate-Drivers_Texas-Instruments-UCC27712DR_C485818.html?s_z=n_UCC27712DR"; VariantName = "[No Variations]"
Change component parameters (AddParameter): Name = "Manufacturer_Name"; Value = "Texas Instruments"; VariantName = "[No Variations]"
Change component parameters (AddParameter): Name = "MPN"; Value = "UCC27712DR"; VariantName = "[No Variations]"
Change component parameters: Designator = "IC302" ("IC302"); Footprint = "SOT65P210X110-6N"; UniqueID = "\UWKCUTXK" ("\UWKCUTXK")
Change component parameters (AddParameter): Name = "Arrow Part Number"; Value = "NCS213RSQT2G"; VariantName = "[No Variations]"
Change component parameters (AddParameter): Name = "Datasheet Link"; Value = "http://www.onsemi.com/pub/Collateral/NCS210R-D.PDF"; VariantName = "[No Variations]"
Change component parameters (AddParameter): Name = "Height"; Value = "1.1mm"; VariantName = "[No Variations]"
Change component parameters (AddParameter): Name = "LCSC Part Number"; Value = "863-NCS213RSQT2G"; VariantName = "[No Variations]"
Change component parameters (AddParameter): Name = "LCSC Price/Stock"; Value = "https://www.lcsc.com/product-detail/Current-Sense-Amplifiers_onsemi-NCS213RSQT2G_C603835.html?s_z=n_NCS213RSQT2G"; VariantName = "[No Variations]"
Change component parameters (AddParameter): Name = "Link"; Value = "https://www.lcsc.com/product-detail/Current-Sense-Amplifiers_onsemi-NCS213RSQT2G_C603835.html?s_z=n_NCS213RSQT2G"; VariantName = "[No Variations]"
Change component parameters (AddParameter): Name = "Manufacturer_Name"; Value = "onsemi"; VariantName = "[No Variations]"
Change component parameters (AddParameter): Name = "MPN"; Value = "NCS213RSQT2G"; VariantName = "[No Variations]"
Change component parameters: Designator = "J106" ("J106"); Footprint = "TST-110-XX-Y-D"; UniqueID = "\HTSSDTZC" ("\HTSSDTZC")
Change component parameters (AddParameter): Name = "Arrow Part Number"; Value = "TST-110-01-T-D"; VariantName = "[No Variations]"
Change component parameters (AddParameter): Name = "Datasheet Link"; Value = "http://suddendocs.samtec.com/prints/tst-1xx-xx-x-x-xx-xx-mkt.pdf"; VariantName = "[No Variations]"
Change component parameters (AddParameter): Name = "LCSC Part Number"; Value = "C492444"; VariantName = "[No Variations]"
Change component parameters (AddParameter): Name = "LCSC Price/Stock"; Value = "https://www.lcsc.com/product-detail/IDC-Connectors_XFCN-BH254V-20P_C492444.html"; VariantName = "[No Variations]"
Change component parameters (AddParameter): Name = "Link"; Value = "https://www.lcsc.com/product-detail/IDC-Connectors_XFCN-BH254V-20P_C492444.html"; VariantName = "[No Variations]"
Change component parameters (AddParameter): Name = "Manufacturer_Name"; Value = "SAMTEC"; VariantName = "[No Variations]"
Change component parameters (AddParameter): Name = "MPN"; Value = "BH254V-20P"; VariantName = "[No Variations]"
Change component parameters: Designator = "J107" ("J107"); Footprint = "LD09S24A4GV00LF"; UniqueID = "\ANQYEEPB" ("\ANQYEEPB")
Change component parameters (AddParameter): Name = "Arrow Part Number"; Value = "LD09S24A4GV00LF"; VariantName = "[No Variations]"
Change component parameters (AddParameter): Name = "Datasheet Link"; Value = "https://www.lcsc.com/datasheet/lcsc_datasheet_2501031530_CONNFLY-Elec-DS1034-09FUNSi44_C77831.pdf"; VariantName = "[No Variations]"
Change component parameters (AddParameter): Name = "Height"; Value = "12.39mm"; VariantName = "[No Variations]"
Change component parameters (AddParameter): Name = "LCSC Part Number"; Value = "C77831"; VariantName = "[No Variations]"
Change component parameters (AddParameter): Name = "Link"; Value = "https://www.lcsc.com/product-detail/D-Sub-VGA-Connectors_CONNFLY-Elec-DS1034-09FUNSi44_C77831.html"; VariantName = "[No Variations]"
Change component parameters (AddParameter): Name = "Manufacturer_Name"; Value = "Amphenol Communications Solutions"; VariantName = "[No Variations]"
Change component parameters (AddParameter): Name = "Mouser Price/Stock"; Value = ""; VariantName = "[No Variations]"
Change component parameters (AddParameter): Name = "MPN"; Value = "DS1034-09FUNSi44"; VariantName = "[No Variations]"
Change component parameters: Designator = "J110" ("J110"); Footprint = "10119313301TLF"; UniqueID = "\XMBGYIKZ" ("\XMBGYIKZ")
Change component parameters (AddParameter): Name = "Arrow Part Number"; Value = ""; VariantName = "[No Variations]"
Change component parameters (AddParameter): Name = "Datasheet Link"; Value = "https://www.lcsc.com/datasheet/lcsc_datasheet_2311032126_hanxia-HX-MINI5P-T_C19189146.pdf"; VariantName = "[No Variations]"
Change component parameters (AddParameter): Name = "Height"; Value = "9.7mm"; VariantName = "[No Variations]"
Change component parameters (AddParameter): Name = "LCSC Part Number"; Value = "C19189146"; VariantName = "[No Variations]"
Change component parameters (AddParameter): Name = "LCSC Price/Stock"; Value = "https://www.lcsc.com/product-detail/USB-Connectors_hanxia-HX-MINI5P-T_C19189146.html"; VariantName = "[No Variations]"
Change component parameters (AddParameter): Name = "Link"; Value = "https://www.lcsc.com/product-detail/USB-Connectors_hanxia-HX-MINI5P-T_C19189146.html"; VariantName = "[No Variations]"
Change component parameters (AddParameter): Name = "Manufacturer_Name"; Value = "hanxia"; VariantName = "[No Variations]"
Change component parameters (AddParameter): Name = "MPN"; Value = "HX MINI5P T"; VariantName = "[No Variations]"
Change component parameters: Designator = "LED100" ("LED100"); Footprint = "LEDC1608X80N"; UniqueID = "\JXVOEPQK" ("\JXVOEPQK")
Change component parameters (AddParameter): Name = "Arrow Part Number"; Value = "LTST-C190KGKT"; VariantName = "[No Variations]"
Change component parameters (AddParameter): Name = "Arrow Price/Stock"; Value = "https://www.arrow.com/en/products/ltst-c190kgkt/lite-on-technology?region=europe"; VariantName = "[No Variations]"
Change component parameters (AddParameter): Name = "Datasheet Link"; Value = "https://www.lcsc.com/datasheet/lcsc_datasheet_2410121310_XINGLIGHT-XL-1608UGC-04_C965804.pdf"; VariantName = "[No Variations]"
Change component parameters (AddParameter): Name = "Height"; Value = "0.8mm"; VariantName = "[No Variations]"
Change component parameters (AddParameter): Name = "LCSC Part Number"; Value = "C965804"; VariantName = "[No Variations]"
Change component parameters (AddParameter): Name = "LCSC Price/Stock"; Value = "https://www.lcsc.com/product-detail/LED-Indication-Discrete_XINGLIGHT-XL-1608UGC-04_C965804.html"; VariantName = "[No Variations]"
Change component parameters (AddParameter): Name = "Link"; Value = "https://www.lcsc.com/product-detail/LED-Indication-Discrete_XINGLIGHT-XL-1608UGC-04_C965804.html"; VariantName = "[No Variations]"
Change component parameters (AddParameter): Name = "Manufacturer_Name"; Value = "Lite-On"; VariantName = "[No Variations]"
Change component parameters (AddParameter): Name = "MPN"; Value = "XL-1608UGC-04"; VariantName = "[No Variations]"
Change component parameters: Designator = "LED101" ("LED101"); Footprint = "LEDC1608X80N"; UniqueID = "\SLAKRPCQ" ("\SLAKRPCQ")
Change component parameters (AddParameter): Name = "Arrow Part Number"; Value = "LTST-C190KGKT"; VariantName = "[No Variations]"
Change component parameters (AddParameter): Name = "Datasheet Link"; Value = "https://www.lcsc.com/datasheet/lcsc_datasheet_2410121441_XINGLIGHT-XL-1608UVC-04_C7371898.pdf"; VariantName = "[No Variations]"
Change component parameters (AddParameter): Name = "Height"; Value = "0.8mm"; VariantName = "[No Variations]"
Change component parameters (AddParameter): Name = "Lcsc Part Number"; Value = "C7371898"; VariantName = "[No Variations]"
Change component parameters (AddParameter): Name = "Lcsc Price/Stock"; Value = "https://www.lcsc.com/product-detail/LED-Indication-Discrete_XINGLIGHT-XL-1608UVC-04_C7371898.html"; VariantName = "[No Variations]"
Change component parameters (AddParameter): Name = "Link"; Value = "https://www.lcsc.com/product-detail/LED-Indication-Discrete_XINGLIGHT-XL-1608UVC-04_C7371898.html"; VariantName = "[No Variations]"
Change component parameters (AddParameter): Name = "Manufacturer_Name"; Value = "XINGLIGHT"; VariantName = "[No Variations]"
Change component parameters (AddParameter): Name = "MPN"; Value = "XL-1608UVC-04"; VariantName = "[No Variations]"
Change component parameters: Designator = "LED102" ("LED102"); Footprint = "LEDC1608X80N"; UniqueID = "\WYHTIFDD" ("\WYHTIFDD")
Change component parameters (AddParameter): Name = "Arrow Part Number"; Value = "LTST-C190KGKT"; VariantName = "[No Variations]"
Change component parameters (AddParameter): Name = "Arrow Price/Stock"; Value = "https://www.arrow.com/en/products/ltst-c190kgkt/lite-on-technology?region=europe"; VariantName = "[No Variations]"
Change component parameters (AddParameter): Name = "Datasheet Link"; Value = "https://www.lcsc.com/datasheet/lcsc_datasheet_2410121310_XINGLIGHT-XL-1608UBC-04_C965807.pdf"; VariantName = "[No Variations]"
Change component parameters (AddParameter): Name = "Height"; Value = "0.8mm"; VariantName = "[No Variations]"
Change component parameters (AddParameter): Name = "LCSC Part Number"; Value = "C965807"; VariantName = "[No Variations]"
Change component parameters (AddParameter): Name = "LCSC Price/Stock"; Value = "https://www.lcsc.com/product-detail/LED-Indication-Discrete_XINGLIGHT-XL-1608UBC-04_C965807.html"; VariantName = "[No Variations]"
Change component parameters (AddParameter): Name = "Link"; Value = "https://www.lcsc.com/product-detail/LED-Indication-Discrete_XINGLIGHT-XL-1608UBC-04_C965807.html"; VariantName = "[No Variations]"
Change component parameters (AddParameter): Name = "Manufacturer_Name"; Value = "Lite-On"; VariantName = "[No Variations]"
Change component parameters (AddParameter): Name = "MPN"; Value = "XL-1608UBC-04"; VariantName = "[No Variations]"
Change component parameters: Designator = "LED103" ("LED103"); Footprint = "LEDC1608X80N"; UniqueID = "\IVMWDYNM" ("\IVMWDYNM")
Change component parameters (AddParameter): Name = "Arrow Part Number"; Value = "LTST-C190KGKT"; VariantName = "[No Variations]"
Change component parameters (AddParameter): Name = "Arrow Price/Stock"; Value = "https://www.arrow.com/en/products/ltst-c190kgkt/lite-on-technology?region=europe"; VariantName = "[No Variations]"
Change component parameters (AddParameter): Name = "Datasheet Link"; Value = "https://www.lcsc.com/datasheet/lcsc_datasheet_2410121258_XINGLIGHT-XL-1608BGWC-06_C965809.pdf"; VariantName = "[No Variations]"
Change component parameters (AddParameter): Name = "Height"; Value = "0.8mm"; VariantName = "[No Variations]"
Change component parameters (AddParameter): Name = "Lcsc Part Number"; Value = "C965809"; VariantName = "[No Variations]"
Change component parameters (AddParameter): Name = "Lcsc Price/Stock"; Value = "https://www.lcsc.com/product-detail/LED-Indication-Discrete_XINGLIGHT-XL-1608BGWC-06_C965809.html"; VariantName = "[No Variations]"
Change component parameters (AddParameter): Name = "Link"; Value = "https://www.lcsc.com/product-detail/LED-Indication-Discrete_XINGLIGHT-XL-1608BGWC-06_C965809.html"; VariantName = "[No Variations]"
Change component parameters (AddParameter): Name = "Manufacturer_Name"; Value = "XINGLIGHT"; VariantName = "[No Variations]"
Change component parameters (AddParameter): Name = "MPN"; Value = "XL-1608BGWC-06"; VariantName = "[No Variations]"
Change component parameters: Designator = "LED104" ("LED104"); Footprint = "LEDC1608X80N"; UniqueID = "\UMYJSTLE" ("\UMYJSTLE")
Change component parameters (AddParameter): Name = "Arrow Part Number"; Value = "LTST-C190KGKT"; VariantName = "[No Variations]"
Change component parameters (AddParameter): Name = "Arrow Price/Stock"; Value = "https://www.arrow.com/en/products/ltst-c190kgkt/lite-on-technology?region=europe"; VariantName = "[No Variations]"
Change component parameters (AddParameter): Name = "Datasheet Link"; Value = "https://www.lcsc.com/datasheet/lcsc_datasheet_2410121258_XINGLIGHT-XL-1608WYC-06_C7371907.pdf"; VariantName = "[No Variations]"
Change component parameters (AddParameter): Name = "Height"; Value = "0.8mm"; VariantName = "[No Variations]"
Change component parameters (AddParameter): Name = "Lcsc Part Number"; Value = "C7371907"; VariantName = "[No Variations]"
Change component parameters (AddParameter): Name = "Lcsc Price/Stock"; Value = "https://www.lcsc.com/product-detail/LED-Indication-Discrete_XINGLIGHT-XL-1608WYC-06_C7371907.html"; VariantName = "[No Variations]"
Change component parameters (AddParameter): Name = "Link"; Value = "https://www.lcsc.com/product-detail/LED-Indication-Discrete_XINGLIGHT-XL-1608WYC-06_C7371907.html"; VariantName = "[No Variations]"
Change component parameters (AddParameter): Name = "Manufacturer_Name"; Value = "XINGLIGHT"; VariantName = "[No Variations]"
Change component parameters (AddParameter): Name = "MPN"; Value = "XL-1608WYC-06"; VariantName = "[No Variations]"
Change component parameters: Designator = "LED105" ("LED105"); Footprint = "LEDC1608X80N"; UniqueID = "\CTSFCLEQ" ("\CTSFCLEQ")
Change component parameters (AddParameter): Name = "Arrow Part Number"; Value = "LTST-C190KGKT"; VariantName = "[No Variations]"
Change component parameters (AddParameter): Name = "Arrow Price/Stock"; Value = "https://www.arrow.com/en/products/ltst-c190kgkt/lite-on-technology?region=europe"; VariantName = "[No Variations]"
Change component parameters (AddParameter): Name = "Datasheet Link"; Value = "https://www.lcsc.com/datasheet/lcsc_datasheet_2410121310_XINGLIGHT-XL-1608UGC-04_C965804.pdf"; VariantName = "[No Variations]"
Change component parameters (AddParameter): Name = "Height"; Value = "0.8mm"; VariantName = "[No Variations]"
Change component parameters (AddParameter): Name = "LCSC Part Number"; Value = "C965804"; VariantName = "[No Variations]"
Change component parameters (AddParameter): Name = "LCSC Price/Stock"; Value = "https://www.lcsc.com/product-detail/LED-Indication-Discrete_XINGLIGHT-XL-1608UGC-04_C965804.html"; VariantName = "[No Variations]"
Change component parameters (AddParameter): Name = "Link"; Value = "https://www.lcsc.com/product-detail/LED-Indication-Discrete_XINGLIGHT-XL-1608UGC-04_C965804.html"; VariantName = "[No Variations]"
Change component parameters (AddParameter): Name = "Manufacturer_Name"; Value = "Lite-On"; VariantName = "[No Variations]"
Change component parameters (AddParameter): Name = "MPN"; Value = "XL-1608UGC-04"; VariantName = "[No Variations]"
Change component parameters: Designator = "LED106" ("LED106"); Footprint = "LEDC1608X80N"; UniqueID = "\VIFUTGWT" ("\VIFUTGWT")
Change component parameters (AddParameter): Name = "Arrow Part Number"; Value = "LTST-C190KGKT"; VariantName = "[No Variations]"
Change component parameters (AddParameter): Name = "Arrow Price/Stock"; Value = "https://www.arrow.com/en/products/ltst-c190kgkt/lite-on-technology?region=europe"; VariantName = "[No Variations]"
Change component parameters (AddParameter): Name = "Datasheet Link"; Value = "https://www.lcsc.com/datasheet/lcsc_datasheet_2410121310_XINGLIGHT-XL-1608UBC-04_C965807.pdf"; VariantName = "[No Variations]"
Change component parameters (AddParameter): Name = "Height"; Value = "0.8mm"; VariantName = "[No Variations]"
Change component parameters (AddParameter): Name = "LCSC Part Number"; Value = "C965807"; VariantName = "[No Variations]"
Change component parameters (AddParameter): Name = "LCSC Price/Stock"; Value = "https://www.lcsc.com/product-detail/LED-Indication-Discrete_XINGLIGHT-XL-1608UBC-04_C965807.html"; VariantName = "[No Variations]"
Change component parameters (AddParameter): Name = "Link"; Value = "https://www.lcsc.com/product-detail/LED-Indication-Discrete_XINGLIGHT-XL-1608UBC-04_C965807.html"; VariantName = "[No Variations]"
Change component parameters (AddParameter): Name = "Manufacturer_Name"; Value = "Lite-On"; VariantName = "[No Variations]"
Change component parameters (AddParameter): Name = "MPN"; Value = "XL-1608UBC-04"; VariantName = "[No Variations]"
Change component parameters: Designator = "LED107" ("LED107"); Footprint = "LEDC1608X80N"; UniqueID = "\FJMXYQXK" ("\FJMXYQXK")
Change component parameters (AddParameter): Name = "Arrow Part Number"; Value = "LTST-C190KGKT"; VariantName = "[No Variations]"
Change component parameters (AddParameter): Name = "Arrow Price/Stock"; Value = "https://www.arrow.com/en/products/ltst-c190kgkt/lite-on-technology?region=europe"; VariantName = "[No Variations]"
Change component parameters (AddParameter): Name = "Datasheet Link"; Value = "https://www.lcsc.com/datasheet/lcsc_datasheet_2402181505_XINGLIGHT-XL-1608SURC-06_C965799.pdf"; VariantName = "[No Variations]"
Change component parameters (AddParameter): Name = "Height"; Value = "0.8mm"; VariantName = "[No Variations]"
Change component parameters (AddParameter): Name = "LCSC Part Number"; Value = "C965799"; VariantName = "[No Variations]"
Change component parameters (AddParameter): Name = "LCSC Price/Stock"; Value = "https://www.lcsc.com/product-detail/LED-Indication-Discrete_XINGLIGHT-XL-1608SURC-06_C965799.html"; VariantName = "[No Variations]"
Change component parameters (AddParameter): Name = "Link"; Value = "https://www.lcsc.com/product-detail/LED-Indication-Discrete_XINGLIGHT-XL-1608SURC-06_C965799.html"; VariantName = "[No Variations]"
Change component parameters (AddParameter): Name = "Manufacturer_Name"; Value = "XINGLIGHT"; VariantName = "[No Variations]"
Change component parameters (AddParameter): Name = "MPN"; Value = "XL-1608SURC-06"; VariantName = "[No Variations]"
Change component parameters: Designator = "LED108" ("LED108"); Footprint = "LEDC1608X80N"; UniqueID = "\VNBJJXBC" ("\VNBJJXBC")
Change component parameters (AddParameter): Name = "Arrow Part Number"; Value = "LTST-C190KGKT"; VariantName = "[No Variations]"
Change component parameters (AddParameter): Name = "Arrow Price/Stock"; Value = "https://www.arrow.com/en/products/ltst-c190kgkt/lite-on-technology?region=europe"; VariantName = "[No Variations]"
Change component parameters (AddParameter): Name = "Datasheet Link"; Value = "https://www.lcsc.com/datasheet/lcsc_datasheet_2402181505_XINGLIGHT-XL-1608SURC-06_C965799.pdf"; VariantName = "[No Variations]"
Change component parameters (AddParameter): Name = "Height"; Value = "0.8mm"; VariantName = "[No Variations]"
Change component parameters (AddParameter): Name = "LCSC Part Number"; Value = "C965799"; VariantName = "[No Variations]"
Change component parameters (AddParameter): Name = "LCSC Price/Stock"; Value = "https://www.lcsc.com/product-detail/LED-Indication-Discrete_XINGLIGHT-XL-1608SURC-06_C965799.html"; VariantName = "[No Variations]"
Change component parameters (AddParameter): Name = "Link"; Value = "https://www.lcsc.com/product-detail/LED-Indication-Discrete_XINGLIGHT-XL-1608SURC-06_C965799.html"; VariantName = "[No Variations]"
Change component parameters (AddParameter): Name = "Manufacturer_Name"; Value = "XINGLIGHT"; VariantName = "[No Variations]"
Change component parameters (AddParameter): Name = "MPN"; Value = "XL-1608SURC-06"; VariantName = "[No Variations]"
Change component parameters: Designator = "Q300" ("Q300"); Footprint = "IPB240N04S4R9ATMA1"; UniqueID = "\QBLEJTZH" ("\QBLEJTZH")
Change component parameters (AddParameter): Name = "Arrow Part Number"; Value = "IPB180N04S4-01"; VariantName = "[No Variations]"
Change component parameters (AddParameter): Name = "Datasheet Link"; Value = "https://www.lcsc.com/datasheet/lcsc_datasheet_2409301305_Infineon-Technologies-IPB180N04S4-01_C536569.pdf"; VariantName = "[No Variations]"
Change component parameters (AddParameter): Name = "Height"; Value = "4mm"; VariantName = "[No Variations]"
Change component parameters (AddParameter): Name = "LCSC Part Number"; Value = "C536569"; VariantName = "[No Variations]"
Change component parameters (AddParameter): Name = "LCSC Price/Stock"; Value = "https://www.lcsc.com/product-detail/MOSFETs_Infineon-Technologies-IPB180N04S4-01_C536569.html"; VariantName = "[No Variations]"
Change component parameters (AddParameter): Name = "Link"; Value = "https://www.lcsc.com/product-detail/MOSFETs_Infineon-Technologies-IPB180N04S4-01_C536569.html"; VariantName = "[No Variations]"
Change component parameters (AddParameter): Name = "Manufacturer_Name"; Value = "Infineon Technologies"; VariantName = "[No Variations]"
Change component parameters (AddParameter): Name = "MPN"; Value = "IPB180N04S4-01"; VariantName = "[No Variations]"
Change component parameters: Designator = "Q301" ("Q301"); Footprint = "IPB240N04S4R9ATMA1"; UniqueID = "\XLZTPHAC" ("\XLZTPHAC")
Change component parameters (AddParameter): Name = "Arrow Part Number"; Value = "IPB180N04S4-01"; VariantName = "[No Variations]"
Change component parameters (AddParameter): Name = "Datasheet Link"; Value = "https://www.lcsc.com/datasheet/lcsc_datasheet_2409301305_Infineon-Technologies-IPB180N04S4-01_C536569.pdf"; VariantName = "[No Variations]"
Change component parameters (AddParameter): Name = "Height"; Value = "4mm"; VariantName = "[No Variations]"
Change component parameters (AddParameter): Name = "LCSC Part Number"; Value = "C536569"; VariantName = "[No Variations]"
Change component parameters (AddParameter): Name = "LCSC Price/Stock"; Value = "https://www.lcsc.com/product-detail/MOSFETs_Infineon-Technologies-IPB180N04S4-01_C536569.html"; VariantName = "[No Variations]"
Change component parameters (AddParameter): Name = "Link"; Value = "https://www.lcsc.com/product-detail/MOSFETs_Infineon-Technologies-IPB180N04S4-01_C536569.html"; VariantName = "[No Variations]"
Change component parameters (AddParameter): Name = "Manufacturer_Name"; Value = "Infineon Technologies"; VariantName = "[No Variations]"
Change component parameters (AddParameter): Name = "MPN"; Value = "IPB180N04S4-01"; VariantName = "[No Variations]"
Change component parameters: Designator = "Q302" ("Q302"); Footprint = "IPB240N04S4R9ATMA1"; UniqueID = "\RZMGKZHI" ("\RZMGKZHI")
Change component parameters (AddParameter): Name = "Arrow Part Number"; Value = "IPB180N04S4-01"; VariantName = "[No Variations]"
Change component parameters (AddParameter): Name = "Datasheet Link"; Value = "https://www.lcsc.com/datasheet/lcsc_datasheet_2409301305_Infineon-Technologies-IPB180N04S4-01_C536569.pdf"; VariantName = "[No Variations]"
Change component parameters (AddParameter): Name = "Height"; Value = "4mm"; VariantName = "[No Variations]"
Change component parameters (AddParameter): Name = "LCSC Part Number"; Value = "C536569"; VariantName = "[No Variations]"
Change component parameters (AddParameter): Name = "LCSC Price/Stock"; Value = "https://www.lcsc.com/product-detail/MOSFETs_Infineon-Technologies-IPB180N04S4-01_C536569.html"; VariantName = "[No Variations]"
Change component parameters (AddParameter): Name = "Link"; Value = "https://www.lcsc.com/product-detail/MOSFETs_Infineon-Technologies-IPB180N04S4-01_C536569.html"; VariantName = "[No Variations]"
Change component parameters (AddParameter): Name = "Manufacturer_Name"; Value = "Infineon Technologies"; VariantName = "[No Variations]"
Change component parameters (AddParameter): Name = "MPN"; Value = "IPB180N04S4-01"; VariantName = "[No Variations]"
Change component parameters: Designator = "Q303" ("Q303"); Footprint = "IPB240N04S4R9ATMA1"; UniqueID = "\TBBNGLCA" ("\TBBNGLCA")
Change component parameters (AddParameter): Name = "Arrow Part Number"; Value = "IPB180N04S4-01"; VariantName = "[No Variations]"
Change component parameters (AddParameter): Name = "Datasheet Link"; Value = "https://www.lcsc.com/datasheet/lcsc_datasheet_2409301305_Infineon-Technologies-IPB180N04S4-01_C536569.pdf"; VariantName = "[No Variations]"
Change component parameters (AddParameter): Name = "Height"; Value = "4mm"; VariantName = "[No Variations]"
Change component parameters (AddParameter): Name = "LCSC Part Number"; Value = "C536569"; VariantName = "[No Variations]"
Change component parameters (AddParameter): Name = "LCSC Price/Stock"; Value = "https://www.lcsc.com/product-detail/MOSFETs_Infineon-Technologies-IPB180N04S4-01_C536569.html"; VariantName = "[No Variations]"
Change component parameters (AddParameter): Name = "Link"; Value = "https://www.lcsc.com/product-detail/MOSFETs_Infineon-Technologies-IPB180N04S4-01_C536569.html"; VariantName = "[No Variations]"
Change component parameters (AddParameter): Name = "Manufacturer_Name"; Value = "Infineon Technologies"; VariantName = "[No Variations]"
Change component parameters (AddParameter): Name = "MPN"; Value = "IPB180N04S4-01"; VariantName = "[No Variations]"
Change component parameters: Designator = "R304" ("R304"); Footprint = "WSL27263L000FEA"; UniqueID = "\BBZBVBNH" ("\BBZBVBNH")
Change component parameters (AddParameter): Name = "Arrow Part Number"; Value = "WSL27263L000FEA"; VariantName = "[No Variations]"
Change component parameters (AddParameter): Name = "Datasheet Link"; Value = "https://www.lcsc.com/datasheet/lcsc_datasheet_2411272144_Shenzhen-Yezhan-Elec--SBB-K-3J-n-t1_C503796.pdf"; VariantName = "[No Variations]"
Change component parameters (AddParameter): Name = "Height"; Value = "2.99mm"; VariantName = "[No Variations]"
Change component parameters (AddParameter): Name = "LCSC Part Number"; Value = "C503796"; VariantName = "[No Variations]"
Change component parameters (AddParameter): Name = "LCSC Price/Stock"; Value = "https://www.lcsc.com/product-detail/Current-Sense-Resistors-Shunt-Resistors_Shenzhen-Yezhan-Elec-SBB-K-3J-n-t1_C503796.html?s_z=n_shunt"; VariantName = "[No Variations]"
Change component parameters (AddParameter): Name = "Link"; Value = "https://www.lcsc.com/product-detail/Current-Sense-Resistors-Shunt-Resistors_Shenzhen-Yezhan-Elec-SBB-K-3J-n-t1_C503796.html?s_z=n_shunt"; VariantName = "[No Variations]"
Change component parameters (AddParameter): Name = "Manufacturer_Name"; Value = "Shenzhen Yezhan Elec."; VariantName = "[No Variations]"
Change component parameters (AddParameter): Name = "MPN"; Value = "SBB-K-3J-n-t1"; VariantName = "[No Variations]"
Change component parameters: Designator = "R305" ("R305"); Footprint = "RESC1608X06N"; UniqueID = "\MCAIOUCV" ("\MCAIOUCV")
Change component parameters (AddParameter): Name = "Link"; Value = "https://www.lcsc.com/product-detail/Chip-Resistor-Surface-Mount_YAGEO-RC0603FR-076K8L_C114632.html?s_z=n_YAGEO%20RC0603FR-076K8L"; VariantName = "[No Variations]"
Change component parameters (AddParameter): Name = "MPN"; Value = "RC0603FR-076K8L"; VariantName = "[No Variations]"
Change component parameters (AddParameter): Name = "Value"; Value = "6K8"; VariantName = "[No Variations]"
Change component parameters: Designator = "S100" ("S100"); Footprint = "TS18525SL260SMTTR"; UniqueID = "\OEGGQBPV" ("\OEGGQBPV")
Change component parameters (AddParameter): Name = "Arrow Part Number"; Value = ""; VariantName = "[No Variations]"
Change component parameters (AddParameter): Name = "Datasheet Link"; Value = "https://www.lcsc.com/datasheet/lcsc_datasheet_2412091245_G-Switch-GT-TC084B-H015-L5_C778173.pdf"; VariantName = "[No Variations]"
Change component parameters (AddParameter): Name = "Height"; Value = "2.7mm"; VariantName = "[No Variations]"
Change component parameters (AddParameter): Name = "LCSC Part Number"; Value = "C778173"; VariantName = "[No Variations]"
Change component parameters (AddParameter): Name = "LCSC Price/Stock"; Value = "https://www.lcsc.com/product-detail/Tactile-Switches_G-Switch-GT-TC084B-H015-L5_C778173.html"; VariantName = "[No Variations]"
Change component parameters (AddParameter): Name = "Link"; Value = "https://www.lcsc.com/product-detail/Tactile-Switches_G-Switch-GT-TC084B-H015-L5_C778173.html"; VariantName = "[No Variations]"
Change component parameters (AddParameter): Name = "Manufacturer_Name"; Value = "G-Switch"; VariantName = "[No Variations]"
Change component parameters (AddParameter): Name = "MPN"; Value = "GT-TC084B-H015-L5"; VariantName = "[No Variations]"
Change component parameters: Designator = "S101" ("S101"); Footprint = "TS18525SL260SMTTR"; UniqueID = "\NHIYCTOG" ("\NHIYCTOG")
Change component parameters (AddParameter): Name = "Arrow Part Number"; Value = ""; VariantName = "[No Variations]"
Change component parameters (AddParameter): Name = "Datasheet Link"; Value = "https://www.lcsc.com/datasheet/lcsc_datasheet_2412091245_G-Switch-GT-TC084B-H015-L5_C778173.pdf"; VariantName = "[No Variations]"
Change component parameters (AddParameter): Name = "Height"; Value = "2.7mm"; VariantName = "[No Variations]"
Change component parameters (AddParameter): Name = "LCSC Part Number"; Value = "C778173"; VariantName = "[No Variations]"
Change component parameters (AddParameter): Name = "LCSC Price/Stock"; Value = "https://www.lcsc.com/product-detail/Tactile-Switches_G-Switch-GT-TC084B-H015-L5_C778173.html"; VariantName = "[No Variations]"
Change component parameters (AddParameter): Name = "Link"; Value = "https://www.lcsc.com/product-detail/Tactile-Switches_G-Switch-GT-TC084B-H015-L5_C778173.html"; VariantName = "[No Variations]"
Change component parameters (AddParameter): Name = "Manufacturer_Name"; Value = "G-Switch"; VariantName = "[No Variations]"
Change component parameters (AddParameter): Name = "MPN"; Value = "GT-TC084B-H015-L5"; VariantName = "[No Variations]"
Change component parameters: Designator = "Y100" ("Y100"); Footprint = "CX3225CA16000D0HSSCC"; UniqueID = "\FVCIXWXZ" ("\FVCIXWXZ")
Change component parameters (AddParameter): Name = "Arrow Part Number"; Value = "CX3225CA16000D0HSSCC"; VariantName = "[No Variations]"
Change component parameters (AddParameter): Name = "Datasheet Link"; Value = "https://www.lcsc.com/datasheet/lcsc_datasheet_2411121006_YXC-Crystal-Oscillators-XL2EL89COI-111YLC-8M_C2973805.pdf"; VariantName = "[No Variations]"
Change component parameters (AddParameter): Name = "Height"; Value = "0.9mm"; VariantName = "[No Variations]"
Change component parameters (AddParameter): Name = "LCSC Part Number"; Value = "C2973805"; VariantName = "[No Variations]"
Change component parameters (AddParameter): Name = "LCSC Price/Stock"; Value = "https://www.lcsc.com/product-detail/Crystals_YXC-Crystal-Oscillators-XL2EL89COI-111YLC-8M_C2973805.html"; VariantName = "[No Variations]"
Change component parameters (AddParameter): Name = "Link"; Value = "https://www.lcsc.com/product-detail/Crystals_YXC-Crystal-Oscillators-XL2EL89COI-111YLC-8M_C2973805.html"; VariantName = "[No Variations]"
Change component parameters (AddParameter): Name = "Manufacturer_Name"; Value = "YXC Crystal Oscillators"; VariantName = "[No Variations]"
Change component parameters (AddParameter): Name = "MPN"; Value = "XL2EL89COI-111YLC-8M"; VariantName = "[No Variations]"
Added Pin To Net: NetName=12V Pin=C304-2
Added Pin To Net: NetName=12V Pin=C305-2
Added Pin To Net: NetName=12V Pin=D301-2
Added Pin To Net: NetName=12V Pin=IC301-3
Change Net Color : Old Net Color=RGB(158, 161, 117) New Net Color=RGB(0, 190, 0)
Change Net Color : Old Net Color=RGB(158, 161, 117) New Net Color=RGB(0, 190, 0)
Change Net Color : Old Net Color=RGB(158, 161, 117) New Net Color=RGB(0, 190, 0)
Change Net Color : Old Net Color=RGB(158, 161, 117) New Net Color=RGB(0, 190, 0)
Change Net Color : Old Net Color=RGB(158, 161, 117) New Net Color=RGB(0, 190, 0)
Change Net Color : Old Net Color=RGB(158, 161, 117) New Net Color=RGB(0, 190, 0)
Change Net Color : Old Net Color=RGB(158, 161, 117) New Net Color=RGB(0, 190, 0)
Change Net Color : Old Net Color=RGB(158, 161, 117) New Net Color=RGB(0, 190, 0)
Change Net Color : Old Net Color=RGB(158, 161, 117) New Net Color=RGB(0, 190, 0)
Change Net Color : Old Net Color=RGB(158, 161, 117) New Net Color=RGB(0, 190, 0)
Change Net Color : Old Net Color=RGB(158, 161, 117) New Net Color=RGB(0, 190, 0)
Added Member To Class: ClassName=Microcontroller Member=Component J105 XH2.54-6P
