Change Component Comment : Designator=LED102 Old Comment=LTST-C190KGKT New Comment=Blue
Change Component Comment : Designator=LED106 Old Comment=LTST-C190KGKT New Comment=Blue
Change Component Comment : Designator=LED100 Old Comment=LTST-C190KGKT New Comment=Emerald
Change Component Comment : Designator=LED105 Old Comment=LTST-C190KGKT New Comment=Emerald
Change Component Comment : Designator=LED103 Old Comment=LTST-C190KGKT New Comment=Green
Change Component Comment : Designator=LED101 Old Comment=LTST-C190KGKT New Comment=purple
Change Component Comment : Designator=LED104 Old Comment=LTST-C190KGKT New Comment=Yellow
Change component parameters: Designator = "LED100" ("LED100"); Footprint = "LEDC1608X80N"; UniqueID = "\GVHEQZHL" ("\GVHEQZHL")
Change component parameters (AddParameter): Name = "Arrow Part Number"; Value = "LTST-C190KGKT"; VariantName = "[No Variations]"
Change component parameters (AddParameter): Name = "Arrow Price/Stock"; Value = "https://www.arrow.com/en/products/ltst-c190kgkt/lite-on-technology?region=europe"; VariantName = "[No Variations]"
Change component parameters (AddParameter): Name = "Datasheet Link"; Value = "https://www.lcsc.com/datasheet/lcsc_datasheet_2410121310_XINGLIGHT-XL-1608UGC-04_C965804.pdf"; VariantName = "[No Variations]"
Change component parameters (AddParameter): Name = "Height"; Value = "0.8mm"; VariantName = "[No Variations]"
Change component parameters (AddParameter): Name = "LCSC Part Number"; Value = "C965804"; VariantName = "[No Variations]"
Change component parameters (AddParameter): Name = "LCSC Price/Stock"; Value = "https://www.lcsc.com/product-detail/LED-Indication-Discrete_XINGLIGHT-XL-1608UGC-04_C965804.html"; VariantName = "[No Variations]"
Change component parameters (AddParameter): Name = "Link"; Value = "https://www.lcsc.com/product-detail/LED-Indication-Discrete_XINGLIGHT-XL-1608UGC-04_C965804.html"; VariantName = "[No Variations]"
Change component parameters (AddParameter): Name = "Manufacturer_Name"; Value = "Lite-On"; VariantName = "[No Variations]"
Change component parameters (AddParameter): Name = "Manufacturer_Part_Number"; Value = "XL-1608UGC-04"; VariantName = "[No Variations]"
Change component parameters: Designator = "LED101" ("LED101"); Footprint = "LEDC1608X80N"; UniqueID = "\RZSSSCMZ" ("\RZSSSCMZ")
Change component parameters (AddParameter): Name = "Arrow Part Number"; Value = "LTST-C190KGKT"; VariantName = "[No Variations]"
Change component parameters (AddParameter): Name = "Datasheet Link"; Value = "https://www.lcsc.com/datasheet/lcsc_datasheet_2410121441_XINGLIGHT-XL-1608UVC-04_C7371898.pdf"; VariantName = "[No Variations]"
Change component parameters (AddParameter): Name = "Height"; Value = "0.8mm"; VariantName = "[No Variations]"
Change component parameters (AddParameter): Name = "Lcsc Part Number"; Value = "C7371898"; VariantName = "[No Variations]"
Change component parameters (AddParameter): Name = "Lcsc Price/Stock"; Value = "https://www.lcsc.com/product-detail/LED-Indication-Discrete_XINGLIGHT-XL-1608UVC-04_C7371898.html"; VariantName = "[No Variations]"
Change component parameters (AddParameter): Name = "Link"; Value = "https://www.lcsc.com/product-detail/LED-Indication-Discrete_XINGLIGHT-XL-1608UVC-04_C7371898.html"; VariantName = "[No Variations]"
Change component parameters (AddParameter): Name = "Manufacturer_Name"; Value = "XINGLIGHT"; VariantName = "[No Variations]"
Change component parameters (AddParameter): Name = "Manufacturer_Part_Number"; Value = "XL-1608UVC-04"; VariantName = "[No Variations]"
Change component parameters: Designator = "LED102" ("LED102"); Footprint = "LEDC1608X80N"; UniqueID = "\ERAOEPSQ" ("\ERAOEPSQ")
Change component parameters (AddParameter): Name = "Arrow Part Number"; Value = "LTST-C190KGKT"; VariantName = "[No Variations]"
Change component parameters (AddParameter): Name = "Arrow Price/Stock"; Value = "https://www.arrow.com/en/products/ltst-c190kgkt/lite-on-technology?region=europe"; VariantName = "[No Variations]"
Change component parameters (AddParameter): Name = "Datasheet Link"; Value = "https://www.lcsc.com/datasheet/lcsc_datasheet_2410121310_XINGLIGHT-XL-1608UBC-04_C965807.pdf"; VariantName = "[No Variations]"
Change component parameters (AddParameter): Name = "Height"; Value = "0.8mm"; VariantName = "[No Variations]"
Change component parameters (AddParameter): Name = "LCSC Part Number"; Value = "C965807"; VariantName = "[No Variations]"
Change component parameters (AddParameter): Name = "LCSC Price/Stock"; Value = "https://www.lcsc.com/product-detail/LED-Indication-Discrete_XINGLIGHT-XL-1608UBC-04_C965807.html"; VariantName = "[No Variations]"
Change component parameters (AddParameter): Name = "Link"; Value = "https://www.lcsc.com/product-detail/LED-Indication-Discrete_XINGLIGHT-XL-1608UBC-04_C965807.html"; VariantName = "[No Variations]"
Change component parameters (AddParameter): Name = "Manufacturer_Name"; Value = "Lite-On"; VariantName = "[No Variations]"
Change component parameters (AddParameter): Name = "Manufacturer_Part_Number"; Value = "XL-1608UBC-04"; VariantName = "[No Variations]"
Change component parameters: Designator = "LED103" ("LED103"); Footprint = "LEDC1608X80N"; UniqueID = "\TZIWMBJE" ("\TZIWMBJE")
Change component parameters (AddParameter): Name = "Arrow Part Number"; Value = "LTST-C190KGKT"; VariantName = "[No Variations]"
Change component parameters (AddParameter): Name = "Arrow Price/Stock"; Value = "https://www.arrow.com/en/products/ltst-c190kgkt/lite-on-technology?region=europe"; VariantName = "[No Variations]"
Change component parameters (AddParameter): Name = "Datasheet Link"; Value = "https://www.lcsc.com/datasheet/lcsc_datasheet_2410121258_XINGLIGHT-XL-1608BGWC-06_C965809.pdf"; VariantName = "[No Variations]"
Change component parameters (AddParameter): Name = "Height"; Value = "0.8mm"; VariantName = "[No Variations]"
Change component parameters (AddParameter): Name = "Lcsc Part Number"; Value = "C965809"; VariantName = "[No Variations]"
Change component parameters (AddParameter): Name = "Lcsc Price/Stock"; Value = "https://www.lcsc.com/product-detail/LED-Indication-Discrete_XINGLIGHT-XL-1608BGWC-06_C965809.html"; VariantName = "[No Variations]"
Change component parameters (AddParameter): Name = "Link"; Value = "https://www.lcsc.com/product-detail/LED-Indication-Discrete_XINGLIGHT-XL-1608BGWC-06_C965809.html"; VariantName = "[No Variations]"
Change component parameters (AddParameter): Name = "Manufacturer_Name"; Value = "XINGLIGHT"; VariantName = "[No Variations]"
Change component parameters (AddParameter): Name = "Manufacturer_Part_Number"; Value = "XL-1608BGWC-06"; VariantName = "[No Variations]"
Change component parameters: Designator = "LED104" ("LED104"); Footprint = "LEDC1608X80N"; UniqueID = "\ZEXBUOEG" ("\ZEXBUOEG")
Change component parameters (AddParameter): Name = "Arrow Part Number"; Value = "LTST-C190KGKT"; VariantName = "[No Variations]"
Change component parameters (AddParameter): Name = "Arrow Price/Stock"; Value = "https://www.arrow.com/en/products/ltst-c190kgkt/lite-on-technology?region=europe"; VariantName = "[No Variations]"
Change component parameters (AddParameter): Name = "Datasheet Link"; Value = "https://www.lcsc.com/datasheet/lcsc_datasheet_2410121258_XINGLIGHT-XL-1608WYC-06_C7371907.pdf"; VariantName = "[No Variations]"
Change component parameters (AddParameter): Name = "Height"; Value = "0.8mm"; VariantName = "[No Variations]"
Change component parameters (AddParameter): Name = "Lcsc Part Number"; Value = "C7371907"; VariantName = "[No Variations]"
Change component parameters (AddParameter): Name = "Lcsc Price/Stock"; Value = "https://www.lcsc.com/product-detail/LED-Indication-Discrete_XINGLIGHT-XL-1608WYC-06_C7371907.html"; VariantName = "[No Variations]"
Change component parameters (AddParameter): Name = "Link"; Value = "https://www.lcsc.com/product-detail/LED-Indication-Discrete_XINGLIGHT-XL-1608WYC-06_C7371907.html"; VariantName = "[No Variations]"
Change component parameters (AddParameter): Name = "Manufacturer_Name"; Value = "XINGLIGHT"; VariantName = "[No Variations]"
Change component parameters (AddParameter): Name = "Manufacturer_Part_Number"; Value = "XL-1608WYC-06"; VariantName = "[No Variations]"
Change component parameters: Designator = "LED105" ("LED105"); Footprint = "LEDC1608X80N"; UniqueID = "\MBDXEDHB" ("\MBDXEDHB")
Change component parameters (AddParameter): Name = "Arrow Part Number"; Value = "LTST-C190KGKT"; VariantName = "[No Variations]"
Change component parameters (AddParameter): Name = "Arrow Price/Stock"; Value = "https://www.arrow.com/en/products/ltst-c190kgkt/lite-on-technology?region=europe"; VariantName = "[No Variations]"
Change component parameters (AddParameter): Name = "Datasheet Link"; Value = "https://www.lcsc.com/datasheet/lcsc_datasheet_2410121310_XINGLIGHT-XL-1608UGC-04_C965804.pdf"; VariantName = "[No Variations]"
Change component parameters (AddParameter): Name = "Height"; Value = "0.8mm"; VariantName = "[No Variations]"
Change component parameters (AddParameter): Name = "LCSC Part Number"; Value = "C965804"; VariantName = "[No Variations]"
Change component parameters (AddParameter): Name = "LCSC Price/Stock"; Value = "https://www.lcsc.com/product-detail/LED-Indication-Discrete_XINGLIGHT-XL-1608UGC-04_C965804.html"; VariantName = "[No Variations]"
Change component parameters (AddParameter): Name = "Link"; Value = "https://www.lcsc.com/product-detail/LED-Indication-Discrete_XINGLIGHT-XL-1608UGC-04_C965804.html"; VariantName = "[No Variations]"
Change component parameters (AddParameter): Name = "Manufacturer_Name"; Value = "Lite-On"; VariantName = "[No Variations]"
Change component parameters (AddParameter): Name = "Manufacturer_Part_Number"; Value = "XL-1608UGC-04"; VariantName = "[No Variations]"
Change component parameters: Designator = "LED107" ("LED107"); Footprint = "LEDC1608X80N"; UniqueID = "\FOKQADWN" ("\FOKQADWN")
Change component parameters (AddParameter): Name = "Arrow Part Number"; Value = "LTST-C190KGKT"; VariantName = "[No Variations]"
Change component parameters (AddParameter): Name = "Arrow Price/Stock"; Value = "https://www.arrow.com/en/products/ltst-c190kgkt/lite-on-technology?region=europe"; VariantName = "[No Variations]"
Change component parameters (AddParameter): Name = "Datasheet Link"; Value = "https://www.lcsc.com/datasheet/lcsc_datasheet_2402181505_XINGLIGHT-XL-1608SURC-06_C965799.pdf"; VariantName = "[No Variations]"
Change component parameters (AddParameter): Name = "Height"; Value = "0.8mm"; VariantName = "[No Variations]"
Change component parameters (AddParameter): Name = "LCSC Part Number"; Value = "C965799"; VariantName = "[No Variations]"
Change component parameters (AddParameter): Name = "LCSC Price/Stock"; Value = "https://www.lcsc.com/product-detail/LED-Indication-Discrete_XINGLIGHT-XL-1608SURC-06_C965799.html"; VariantName = "[No Variations]"
Change component parameters (AddParameter): Name = "Link"; Value = "https://www.lcsc.com/product-detail/LED-Indication-Discrete_XINGLIGHT-XL-1608SURC-06_C965799.html"; VariantName = "[No Variations]"
Change component parameters (AddParameter): Name = "Manufacturer_Name"; Value = "XINGLIGHT"; VariantName = "[No Variations]"
Change component parameters (AddParameter): Name = "Manufacturer_Part_Number"; Value = "XL-1608SURC-06"; VariantName = "[No Variations]"
Change component parameters: Designator = "LED108" ("LED108"); Footprint = "LEDC1608X80N"; UniqueID = "\ILQXHMVW" ("\ILQXHMVW")
Change component parameters (AddParameter): Name = "Arrow Part Number"; Value = "LTST-C190KGKT"; VariantName = "[No Variations]"
Change component parameters (AddParameter): Name = "Arrow Price/Stock"; Value = "https://www.arrow.com/en/products/ltst-c190kgkt/lite-on-technology?region=europe"; VariantName = "[No Variations]"
Change component parameters (AddParameter): Name = "Datasheet Link"; Value = "https://www.lcsc.com/datasheet/lcsc_datasheet_2402181505_XINGLIGHT-XL-1608SURC-06_C965799.pdf"; VariantName = "[No Variations]"
Change component parameters (AddParameter): Name = "Height"; Value = "0.8mm"; VariantName = "[No Variations]"
Change component parameters (AddParameter): Name = "LCSC Part Number"; Value = "C965799"; VariantName = "[No Variations]"
Change component parameters (AddParameter): Name = "LCSC Price/Stock"; Value = "https://www.lcsc.com/product-detail/LED-Indication-Discrete_XINGLIGHT-XL-1608SURC-06_C965799.html"; VariantName = "[No Variations]"
Change component parameters (AddParameter): Name = "Link"; Value = "https://www.lcsc.com/product-detail/LED-Indication-Discrete_XINGLIGHT-XL-1608SURC-06_C965799.html"; VariantName = "[No Variations]"
Change component parameters (AddParameter): Name = "Manufacturer_Name"; Value = "XINGLIGHT"; VariantName = "[No Variations]"
Change component parameters (AddParameter): Name = "Manufacturer_Part_Number"; Value = "XL-1608SURC-06"; VariantName = "[No Variations]"
Change component parameters: Designator = "S100" ("S100"); Footprint = "TS18525SL260SMTTR"; UniqueID = "\SZSRQYVB" ("\SZSRQYVB")
Change component parameters (AddParameter): Name = "Arrow Part Number"; Value = ""; VariantName = "[No Variations]"
Change component parameters (AddParameter): Name = "Datasheet Link"; Value = "https://www.lcsc.com/datasheet/lcsc_datasheet_2412091245_G-Switch-GT-TC084B-H015-L5_C778173.pdf"; VariantName = "[No Variations]"
Change component parameters (AddParameter): Name = "Height"; Value = "2.7mm"; VariantName = "[No Variations]"
Change component parameters (AddParameter): Name = "LCSC Part Number"; Value = "C778173"; VariantName = "[No Variations]"
Change component parameters (AddParameter): Name = "LCSC Price/Stock"; Value = "https://www.lcsc.com/product-detail/Tactile-Switches_G-Switch-GT-TC084B-H015-L5_C778173.html"; VariantName = "[No Variations]"
Change component parameters (AddParameter): Name = "Link"; Value = "https://www.lcsc.com/product-detail/Tactile-Switches_G-Switch-GT-TC084B-H015-L5_C778173.html"; VariantName = "[No Variations]"
Change component parameters (AddParameter): Name = "Manufacturer_Name"; Value = "G-Switch"; VariantName = "[No Variations]"
Change component parameters (AddParameter): Name = "Manufacturer_Part_Number"; Value = "GT-TC084B-H015-L5"; VariantName = "[No Variations]"
Change component parameters: Designator = "S101" ("S101"); Footprint = "TS18525SL260SMTTR"; UniqueID = "\DBPCUUMH" ("\DBPCUUMH")
Change component parameters (AddParameter): Name = "Arrow Part Number"; Value = ""; VariantName = "[No Variations]"
Change component parameters (AddParameter): Name = "Datasheet Link"; Value = "https://www.lcsc.com/datasheet/lcsc_datasheet_2412091245_G-Switch-GT-TC084B-H015-L5_C778173.pdf"; VariantName = "[No Variations]"
Change component parameters (AddParameter): Name = "Height"; Value = "2.7mm"; VariantName = "[No Variations]"
Change component parameters (AddParameter): Name = "LCSC Part Number"; Value = "C778173"; VariantName = "[No Variations]"
Change component parameters (AddParameter): Name = "LCSC Price/Stock"; Value = "https://www.lcsc.com/product-detail/Tactile-Switches_G-Switch-GT-TC084B-H015-L5_C778173.html"; VariantName = "[No Variations]"
Change component parameters (AddParameter): Name = "Link"; Value = "https://www.lcsc.com/product-detail/Tactile-Switches_G-Switch-GT-TC084B-H015-L5_C778173.html"; VariantName = "[No Variations]"
Change component parameters (AddParameter): Name = "Manufacturer_Name"; Value = "G-Switch"; VariantName = "[No Variations]"
Change component parameters (AddParameter): Name = "Manufacturer_Part_Number"; Value = "GT-TC084B-H015-L5"; VariantName = "[No Variations]"
